Determining if the pthread_create exist failed with the following output:
Change Dir: /home/student/CarND/ros/build/CMakeFiles/CMakeTmp

Run Build Command:"/usr/bin/make" "cmTC_6fabe/fast"
/usr/bin/make -f CMakeFiles/cmTC_6fabe.dir/build.make CMakeFiles/cmTC_6fabe.dir/build
make[1]: Entering directory '/home/student/CarND/ros/build/CMakeFiles/CMakeTmp'
Building C object CMakeFiles/cmTC_6fabe.dir/CheckSymbolExists.c.o
/usr/bin/cc     -o CMakeFiles/cmTC_6fabe.dir/CheckSymbolExists.c.o   -c /home/student/CarND/ros/build/CMakeFiles/CMakeTmp/CheckSymbolExists.c
Linking C executable cmTC_6fabe
/usr/bin/cmake -E cmake_link_script CMakeFiles/cmTC_6fabe.dir/link.txt --verbose=1
/usr/bin/cc       CMakeFiles/cmTC_6fabe.dir/CheckSymbolExists.c.o  -o cmTC_6fabe -rdynamic 
CMakeFiles/cmTC_6fabe.dir/CheckSymbolExists.c.o: In function `main':
CheckSymbolExists.c:(.text+0x16): undefined reference to `pthread_create'
collect2: error: ld returned 1 exit status
CMakeFiles/cmTC_6fabe.dir/build.make:97: recipe for target 'cmTC_6fabe' failed
make[1]: *** [cmTC_6fabe] Error 1
make[1]: Leaving directory '/home/student/CarND/ros/build/CMakeFiles/CMakeTmp'
Makefile:126: recipe for target 'cmTC_6fabe/fast' failed
make: *** [cmTC_6fabe/fast] Error 2

File /home/student/CarND/ros/build/CMakeFiles/CMakeTmp/CheckSymbolExists.c:
/* */
#include <pthread.h>

int main(int argc, char** argv)
{
  (void)argv;
#ifndef pthread_create
  return ((int*)(&pthread_create))[argc];
#else
  (void)argc;
  return 0;
#endif
}

Determining if the function pthread_create exists in the pthreads failed with the following output:
Change Dir: /home/student/CarND/ros/build/CMakeFiles/CMakeTmp

Run Build Command:"/usr/bin/make" "cmTC_01968/fast"
/usr/bin/make -f CMakeFiles/cmTC_01968.dir/build.make CMakeFiles/cmTC_01968.dir/build
make[1]: Entering directory '/home/student/CarND/ros/build/CMakeFiles/CMakeTmp'
Building C object CMakeFiles/cmTC_01968.dir/CheckFunctionExists.c.o
/usr/bin/cc    -DCHECK_FUNCTION_EXISTS=pthread_create   -o CMakeFiles/cmTC_01968.dir/CheckFunctionExists.c.o   -c /usr/share/cmake-3.5/Modules/CheckFunctionExists.c
Linking C executable cmTC_01968
/usr/bin/cmake -E cmake_link_script CMakeFiles/cmTC_01968.dir/link.txt --verbose=1
/usr/bin/cc   -DCHECK_FUNCTION_EXISTS=pthread_create    CMakeFiles/cmTC_01968.dir/CheckFunctionExists.c.o  -o cmTC_01968 -rdynamic -lpthreads 
/usr/bin/ld: cannot find -lpthreads
collect2: error: ld returned 1 exit status
CMakeFiles/cmTC_01968.dir/build.make:97: recipe for target 'cmTC_01968' failed
make[1]: *** [cmTC_01968] Error 1
make[1]: Leaving directory '/home/student/CarND/ros/build/CMakeFiles/CMakeTmp'
Makefile:126: recipe for target 'cmTC_01968/fast' failed
make: *** [cmTC_01968/fast] Error 2


